\BOOKMARK [0][-]{chapter*.1}{Agradecimientos}{}% 1
\BOOKMARK [0][-]{chapter*.3}{Introducci\363n}{}% 2
\BOOKMARK [-1][-]{part.1}{I Los movimientos NAP y el caso del FN}{}% 3
\BOOKMARK [0][-]{chapter.1}{Los movimientos NAP}{part.1}% 4
\BOOKMARK [1][-]{section.1.1}{Definiendo una familia pol\355tica}{chapter.1}% 5
\BOOKMARK [1][-]{section.1.2}{El Front National como movimiento NAP}{chapter.1}% 6
\BOOKMARK [0][-]{chapter.2}{El FN dentro del sistema pol\355tico franc\351s}{part.1}% 7
\BOOKMARK [1][-]{section.2.1}{Recuento del sistema pol\355tico}{chapter.2}% 8
\BOOKMARK [2][-]{subsection.2.1.1}{Semipresidencialismo franc\351s}{section.2.1}% 9
\BOOKMARK [2][-]{subsection.2.1.2}{Divisi\363n territorial}{section.2.1}% 10
\BOOKMARK [2][-]{subsection.2.1.3}{Principales elecciones}{section.2.1}% 11
\BOOKMARK [1][-]{section.2.2}{Breve historia del Front National}{chapter.2}% 12
\BOOKMARK [2][-]{subsection.2.2.1}{El FN del desierto \(1972-1983\)}{section.2.2}% 13
\BOOKMARK [2][-]{subsection.2.2.2}{El FN Lepenista \(1984-2010\)}{section.2.2}% 14
\BOOKMARK [2][-]{subsection.2.2.3}{El FN Marinista \(2011-\)}{section.2.2}% 15
\BOOKMARK [0][-]{chapter.3}{Teor\355as sobre el voto NAP}{part.1}% 16
\BOOKMARK [1][-]{section.3.1}{Estructuralismo y Culturalismo}{chapter.3}% 17
\BOOKMARK [1][-]{section.3.2}{Clivajes y Escolaridad}{chapter.3}% 18
\BOOKMARK [1][-]{section.3.3}{La Clase Desplazada por la Globalizaci\363n}{chapter.3}% 19
\BOOKMARK [1][-]{section.3.4}{Teor\355as del Conflicto e Inter\351s econ\363mico}{chapter.3}% 20
\BOOKMARK [-1][-]{part.2}{II Paradigma estad\355stico bayesiano}{}% 21
\BOOKMARK [0][-]{chapter.4}{La probabilidad no existe}{part.2}% 22
\BOOKMARK [1][-]{section.4.1}{\277Probabilidad o probabilidades?}{chapter.4}% 23
\BOOKMARK [1][-]{section.4.2}{Aprendizaje bayesiano}{chapter.4}% 24
\BOOKMARK [1][-]{section.4.3}{La \372nica receta de la inferencia bayesiana}{chapter.4}% 25
\BOOKMARK [2][-]{subsection.4.3.1}{Problemas de inferencia bayesiana}{section.4.3}% 26
\BOOKMARK [2][-]{subsection.4.3.2}{La receta}{section.4.3}% 27
\BOOKMARK [1][-]{section.4.4}{Distribuciones iniciales}{chapter.4}% 28
\BOOKMARK [2][-]{subsection.4.4.1}{Distribuciones iniciales no informativas}{section.4.4}% 29
\BOOKMARK [0][-]{chapter.5}{Modelos de Regresi\363n Bayesianos}{part.2}% 30
\BOOKMARK [1][-]{section.5.1}{Regresi\363n lineal}{chapter.5}% 31
\BOOKMARK [2][-]{subsection.5.1.1}{An\341lisis bayesiano del modelo lineal normal}{section.5.1}% 32
\BOOKMARK [1][-]{section.5.2}{Regresi\363n Log\355stica}{chapter.5}% 33
\BOOKMARK [2][-]{subsection.5.2.1}{Modelos lineales generalizados}{section.5.2}% 34
\BOOKMARK [2][-]{subsection.5.2.2}{Identificabilidad}{section.5.2}% 35
\BOOKMARK [1][-]{section.5.3}{Modelos Jer\341rquicos}{chapter.5}% 36
\BOOKMARK [-1][-]{section.5.3}{Anexos}{}% 37
\BOOKMARK [0][-]{appendix.Alph1}{Bases de datos utilizadas}{section.5.3}% 38
\BOOKMARK [-1][-]{table.caption.21}{Referencias}{}% 39
